{"/home/adrangel/myProjects/React-TypeScript/03-gifs-app/src/GifsApp.tsx": {"path":"/home/adrangel/myProjects/React-TypeScript/03-gifs-app/src/GifsApp.tsx","statementMap":{"0":{"start":{"line":8,"column":23},"end":{"line":27,"column":null}},"1":{"start":{"line":10,"column":66},"end":{"line":10,"column":null}}},"fnMap":{"0":{"name":"(anonymous_0)","decl":{"start":{"line":8,"column":23},"end":{"line":8,"column":null}},"loc":{"start":{"line":8,"column":23},"end":{"line":27,"column":null}},"line":8}},"branchMap":{},"s":{"0":1,"1":1},"f":{"0":1},"b":{},"meta":{"lastBranch":0,"lastFunction":1,"lastStatement":2,"seen":{"s:8:23:27:Infinity":0,"f:8:23:8:Infinity":0,"s:10:66:10:Infinity":1}}}
,"/home/adrangel/myProjects/React-TypeScript/03-gifs-app/src/counter/components/MyCounterApp.tsx": {"path":"/home/adrangel/myProjects/React-TypeScript/03-gifs-app/src/counter/components/MyCounterApp.tsx","statementMap":{"0":{"start":{"line":3,"column":28},"end":{"line":18,"column":null}},"1":{"start":{"line":5,"column":59},"end":{"line":5,"column":null}}},"fnMap":{"0":{"name":"(anonymous_0)","decl":{"start":{"line":3,"column":28},"end":{"line":3,"column":null}},"loc":{"start":{"line":3,"column":28},"end":{"line":18,"column":null}},"line":3}},"branchMap":{},"s":{"0":2,"1":7},"f":{"0":7},"b":{},"meta":{"lastBranch":0,"lastFunction":1,"lastStatement":2,"seen":{"s:3:28:18:Infinity":0,"f:3:28:3:Infinity":0,"s:5:59:5:Infinity":1}}}
,"/home/adrangel/myProjects/React-TypeScript/03-gifs-app/src/counter/hooks/useCounter.tsx": {"path":"/home/adrangel/myProjects/React-TypeScript/03-gifs-app/src/counter/hooks/useCounter.tsx","statementMap":{"0":{"start":{"line":3,"column":26},"end":{"line":22,"column":null}},"1":{"start":{"line":5,"column":31},"end":{"line":5,"column":null}},"2":{"start":{"line":7,"column":22},"end":{"line":7,"column":null}},"3":{"start":{"line":7,"column":28},"end":{"line":7,"column":null}},"4":{"start":{"line":9,"column":27},"end":{"line":9,"column":null}},"5":{"start":{"line":9,"column":33},"end":{"line":9,"column":null}},"6":{"start":{"line":9,"column":58},"end":{"line":9,"column":null}},"7":{"start":{"line":11,"column":24},"end":{"line":11,"column":null}},"8":{"start":{"line":11,"column":30},"end":{"line":11,"column":null}},"9":{"start":{"line":13,"column":4},"end":{"line":21,"column":null}}},"fnMap":{"0":{"name":"(anonymous_0)","decl":{"start":{"line":3,"column":26},"end":{"line":3,"column":28}},"loc":{"start":{"line":3,"column":45},"end":{"line":22,"column":null}},"line":3},"1":{"name":"(anonymous_1)","decl":{"start":{"line":7,"column":22},"end":{"line":7,"column":28}},"loc":{"start":{"line":7,"column":28},"end":{"line":7,"column":null}},"line":7},"2":{"name":"(anonymous_2)","decl":{"start":{"line":9,"column":27},"end":{"line":9,"column":33}},"loc":{"start":{"line":9,"column":33},"end":{"line":9,"column":null}},"line":9},"3":{"name":"(anonymous_3)","decl":{"start":{"line":9,"column":45},"end":{"line":9,"column":58}},"loc":{"start":{"line":9,"column":58},"end":{"line":9,"column":null}},"line":9},"4":{"name":"(anonymous_4)","decl":{"start":{"line":11,"column":24},"end":{"line":11,"column":30}},"loc":{"start":{"line":11,"column":30},"end":{"line":11,"column":null}},"line":11}},"branchMap":{"0":{"loc":{"start":{"line":3,"column":28},"end":{"line":3,"column":45}},"type":"default-arg","locations":[{"start":{"line":3,"column":43},"end":{"line":3,"column":45}}],"line":3}},"s":{"0":2,"1":12,"2":12,"3":2,"4":12,"5":2,"6":2,"7":12,"8":1,"9":12},"f":{"0":12,"1":2,"2":2,"3":2,"4":1},"b":{"0":[12]},"meta":{"lastBranch":1,"lastFunction":5,"lastStatement":10,"seen":{"s:3:26:22:Infinity":0,"f:3:26:3:28":0,"b:3:43:3:45":0,"s:5:31:5:Infinity":1,"s:7:22:7:Infinity":2,"f:7:22:7:28":1,"s:7:28:7:Infinity":3,"s:9:27:9:Infinity":4,"f:9:27:9:33":2,"s:9:33:9:Infinity":5,"f:9:45:9:58":3,"s:9:58:9:Infinity":6,"s:11:24:11:Infinity":7,"f:11:24:11:30":4,"s:11:30:11:Infinity":8,"s:13:4:21:Infinity":9}}}
,"/home/adrangel/myProjects/React-TypeScript/03-gifs-app/src/gifs/actions/get-gifs-by-query-action.ts": {"path":"/home/adrangel/myProjects/React-TypeScript/03-gifs-app/src/gifs/actions/get-gifs-by-query-action.ts","statementMap":{"0":{"start":{"line":5,"column":30},"end":{"line":31,"column":null}},"1":{"start":{"line":6,"column":4},"end":{"line":6,"column":48}},"2":{"start":{"line":6,"column":37},"end":{"line":6,"column":48}},"3":{"start":{"line":8,"column":4},"end":{"line":28,"column":null}},"4":{"start":{"line":9,"column":25},"end":{"line":14,"column":null}},"5":{"start":{"line":18,"column":8},"end":{"line":24,"column":null}},"6":{"start":{"line":18,"column":49},"end":{"line":24,"column":null}},"7":{"start":{"line":26,"column":8},"end":{"line":26,"column":null}},"8":{"start":{"line":27,"column":8},"end":{"line":27,"column":null}}},"fnMap":{"0":{"name":"(anonymous_0)","decl":{"start":{"line":5,"column":30},"end":{"line":5,"column":38}},"loc":{"start":{"line":5,"column":38},"end":{"line":31,"column":null}},"line":5},"1":{"name":"(anonymous_1)","decl":{"start":{"line":18,"column":39},"end":{"line":18,"column":40}},"loc":{"start":{"line":18,"column":49},"end":{"line":24,"column":null}},"line":18}},"branchMap":{"0":{"loc":{"start":{"line":6,"column":4},"end":{"line":6,"column":48}},"type":"if","locations":[{"start":{"line":6,"column":4},"end":{"line":6,"column":48}},{"start":{},"end":{}}],"line":6}},"s":{"0":3,"1":6,"2":1,"3":5,"4":5,"5":4,"6":40,"7":1,"8":1},"f":{"0":6,"1":40},"b":{"0":[1,5]},"meta":{"lastBranch":1,"lastFunction":2,"lastStatement":9,"seen":{"s:5:30:31:Infinity":0,"f:5:30:5:38":0,"b:6:4:6:48:undefined:undefined:undefined:undefined":0,"s:6:4:6:48":1,"s:6:37:6:48":2,"s:8:4:28:Infinity":3,"s:9:25:14:Infinity":4,"s:18:8:24:Infinity":5,"f:18:39:18:40":1,"s:18:49:24:Infinity":6,"s:26:8:26:Infinity":7,"s:27:8:27:Infinity":8}}}
,"/home/adrangel/myProjects/React-TypeScript/03-gifs-app/src/gifs/api/giphy.api.ts": {"path":"/home/adrangel/myProjects/React-TypeScript/03-gifs-app/src/gifs/api/giphy.api.ts","statementMap":{"0":{"start":{"line":3,"column":24},"end":{"line":10,"column":null}}},"fnMap":{},"branchMap":{},"s":{"0":4},"f":{},"b":{},"meta":{"lastBranch":0,"lastFunction":0,"lastStatement":1,"seen":{"s:3:24:10:Infinity":0}}}
,"/home/adrangel/myProjects/React-TypeScript/03-gifs-app/src/gifs/components/GifsList.tsx": {"path":"/home/adrangel/myProjects/React-TypeScript/03-gifs-app/src/gifs/components/GifsList.tsx","statementMap":{"0":{"start":{"line":9,"column":35},"end":{"line":25,"column":null}}},"fnMap":{"0":{"name":"(anonymous_0)","decl":{"start":{"line":9,"column":35},"end":{"line":9,"column":36}},"loc":{"start":{"line":9,"column":44},"end":{"line":25,"column":null}},"line":9}},"branchMap":{},"s":{"0":1},"f":{"0":1},"b":{},"meta":{"lastBranch":0,"lastFunction":1,"lastStatement":1,"seen":{"s:9:35:25:Infinity":0,"f:9:35:9:36":0}}}
,"/home/adrangel/myProjects/React-TypeScript/03-gifs-app/src/gifs/components/PreviousSearches.tsx": {"path":"/home/adrangel/myProjects/React-TypeScript/03-gifs-app/src/gifs/components/PreviousSearches.tsx","statementMap":{"0":{"start":{"line":9,"column":43},"end":{"line":22,"column":null}},"1":{"start":{"line":15,"column":45},"end":{"line":15,"column":null}}},"fnMap":{"0":{"name":"(anonymous_0)","decl":{"start":{"line":9,"column":43},"end":{"line":9,"column":44}},"loc":{"start":{"line":9,"column":72},"end":{"line":22,"column":null}},"line":9},"1":{"name":"(anonymous_1)","decl":{"start":{"line":15,"column":39},"end":{"line":15,"column":45}},"loc":{"start":{"line":15,"column":45},"end":{"line":15,"column":null}},"line":15}},"branchMap":{},"s":{"0":1,"1":0},"f":{"0":1,"1":0},"b":{},"meta":{"lastBranch":0,"lastFunction":2,"lastStatement":2,"seen":{"s:9:43:22:Infinity":0,"f:9:43:9:44":0,"f:15:39:15:45":1,"s:15:45:15:Infinity":1}}}
,"/home/adrangel/myProjects/React-TypeScript/03-gifs-app/src/gifs/hook/useGifs.tsx": {"path":"/home/adrangel/myProjects/React-TypeScript/03-gifs-app/src/gifs/hook/useGifs.tsx","statementMap":{"0":{"start":{"line":7,"column":23},"end":{"line":63,"column":null}},"1":{"start":{"line":9,"column":25},"end":{"line":9,"column":null}},"2":{"start":{"line":10,"column":43},"end":{"line":10,"column":null}},"3":{"start":{"line":13,"column":10},"end":{"line":13,"column":null}},"4":{"start":{"line":15,"column":30},"end":{"line":30,"column":null}},"5":{"start":{"line":21,"column":8},"end":{"line":24,"column":null}},"6":{"start":{"line":22,"column":12},"end":{"line":22,"column":null}},"7":{"start":{"line":23,"column":12},"end":{"line":23,"column":null}},"8":{"start":{"line":26,"column":21},"end":{"line":26,"column":null}},"9":{"start":{"line":27,"column":8},"end":{"line":27,"column":null}},"10":{"start":{"line":28,"column":8},"end":{"line":28,"column":null}},"11":{"start":{"line":32,"column":25},"end":{"line":51,"column":null}},"12":{"start":{"line":34,"column":8},"end":{"line":34,"column":null}},"13":{"start":{"line":36,"column":8},"end":{"line":36,"column":null}},"14":{"start":{"line":36,"column":32},"end":{"line":36,"column":null}},"15":{"start":{"line":38,"column":8},"end":{"line":38,"column":null}},"16":{"start":{"line":38,"column":43},"end":{"line":38,"column":null}},"17":{"start":{"line":40,"column":29},"end":{"line":40,"column":null}},"18":{"start":{"line":41,"column":8},"end":{"line":41,"column":null}},"19":{"start":{"line":43,"column":8},"end":{"line":43,"column":null}},"20":{"start":{"line":45,"column":21},"end":{"line":45,"column":null}},"21":{"start":{"line":47,"column":8},"end":{"line":47,"column":null}},"22":{"start":{"line":49,"column":8},"end":{"line":49,"column":null}},"23":{"start":{"line":54,"column":4},"end":{"line":62,"column":null}}},"fnMap":{"0":{"name":"(anonymous_0)","decl":{"start":{"line":7,"column":23},"end":{"line":7,"column":null}},"loc":{"start":{"line":7,"column":23},"end":{"line":63,"column":null}},"line":7},"1":{"name":"(anonymous_1)","decl":{"start":{"line":15,"column":30},"end":{"line":15,"column":37}},"loc":{"start":{"line":15,"column":37},"end":{"line":30,"column":null}},"line":15},"2":{"name":"(anonymous_2)","decl":{"start":{"line":32,"column":25},"end":{"line":32,"column":32}},"loc":{"start":{"line":32,"column":32},"end":{"line":51,"column":null}},"line":32}},"branchMap":{"0":{"loc":{"start":{"line":21,"column":8},"end":{"line":24,"column":null}},"type":"if","locations":[{"start":{"line":21,"column":8},"end":{"line":24,"column":null}},{"start":{},"end":{}}],"line":21},"1":{"loc":{"start":{"line":36,"column":8},"end":{"line":36,"column":null}},"type":"if","locations":[{"start":{"line":36,"column":8},"end":{"line":36,"column":null}},{"start":{},"end":{}}],"line":36},"2":{"loc":{"start":{"line":38,"column":8},"end":{"line":38,"column":null}},"type":"if","locations":[{"start":{"line":38,"column":8},"end":{"line":38,"column":null}},{"start":{},"end":{}}],"line":38}},"s":{"0":2,"1":18,"2":18,"3":18,"4":18,"5":3,"6":1,"7":1,"8":2,"9":2,"10":2,"11":18,"12":10,"13":10,"14":0,"15":10,"16":1,"17":9,"18":9,"19":9,"20":9,"21":9,"22":9,"23":18},"f":{"0":18,"1":3,"2":10},"b":{"0":[1,2],"1":[0,10],"2":[1,9]},"meta":{"lastBranch":3,"lastFunction":3,"lastStatement":24,"seen":{"s:7:23:63:Infinity":0,"f:7:23:7:Infinity":0,"s:9:25:9:Infinity":1,"s:10:43:10:Infinity":2,"s:13:10:13:Infinity":3,"s:15:30:30:Infinity":4,"f:15:30:15:37":1,"b:21:8:24:Infinity:undefined:undefined:undefined:undefined":0,"s:21:8:24:Infinity":5,"s:22:12:22:Infinity":6,"s:23:12:23:Infinity":7,"s:26:21:26:Infinity":8,"s:27:8:27:Infinity":9,"s:28:8:28:Infinity":10,"s:32:25:51:Infinity":11,"f:32:25:32:32":2,"s:34:8:34:Infinity":12,"b:36:8:36:Infinity:undefined:undefined:undefined:undefined":1,"s:36:8:36:Infinity":13,"s:36:32:36:Infinity":14,"b:38:8:38:Infinity:undefined:undefined:undefined:undefined":2,"s:38:8:38:Infinity":15,"s:38:43:38:Infinity":16,"s:40:29:40:Infinity":17,"s:41:8:41:Infinity":18,"s:43:8:43:Infinity":19,"s:45:21:45:Infinity":20,"s:47:8:47:Infinity":21,"s:49:8:49:Infinity":22,"s:54:4:62:Infinity":23}}}
,"/home/adrangel/myProjects/React-TypeScript/03-gifs-app/src/shared/components/CustomHeader.tsx": {"path":"/home/adrangel/myProjects/React-TypeScript/03-gifs-app/src/shared/components/CustomHeader.tsx","statementMap":{"0":{"start":{"line":6,"column":28},"end":{"line":15,"column":null}}},"fnMap":{"0":{"name":"(anonymous_0)","decl":{"start":{"line":6,"column":28},"end":{"line":6,"column":29}},"loc":{"start":{"line":6,"column":58},"end":{"line":15,"column":null}},"line":6}},"branchMap":{},"s":{"0":2},"f":{"0":4},"b":{},"meta":{"lastBranch":0,"lastFunction":1,"lastStatement":1,"seen":{"s:6:28:15:Infinity":0,"f:6:28:6:29":0}}}
,"/home/adrangel/myProjects/React-TypeScript/03-gifs-app/src/shared/components/SearchBar.tsx": {"path":"/home/adrangel/myProjects/React-TypeScript/03-gifs-app/src/shared/components/SearchBar.tsx","statementMap":{"0":{"start":{"line":8,"column":25},"end":{"line":45,"column":null}},"1":{"start":{"line":10,"column":25},"end":{"line":10,"column":null}},"2":{"start":{"line":12,"column":2},"end":{"line":20,"column":null}},"3":{"start":{"line":13,"column":22},"end":{"line":15,"column":null}},"4":{"start":{"line":14,"column":6},"end":{"line":14,"column":null}},"5":{"start":{"line":17,"column":4},"end":{"line":19,"column":null}},"6":{"start":{"line":18,"column":6},"end":{"line":18,"column":null}},"7":{"start":{"line":22,"column":23},"end":{"line":25,"column":null}},"8":{"start":{"line":23,"column":4},"end":{"line":23,"column":null}},"9":{"start":{"line":24,"column":4},"end":{"line":24,"column":null}},"10":{"start":{"line":27,"column":24},"end":{"line":31,"column":null}},"11":{"start":{"line":28,"column":4},"end":{"line":30,"column":null}},"12":{"start":{"line":29,"column":6},"end":{"line":29,"column":null}},"13":{"start":{"line":39,"column":28},"end":{"line":39,"column":null}}},"fnMap":{"0":{"name":"(anonymous_0)","decl":{"start":{"line":8,"column":25},"end":{"line":8,"column":26}},"loc":{"start":{"line":8,"column":77},"end":{"line":45,"column":null}},"line":8},"1":{"name":"(anonymous_1)","decl":{"start":{"line":12,"column":12},"end":{"line":12,"column":null}},"loc":{"start":{"line":12,"column":12},"end":{"line":20,"column":5}},"line":12},"2":{"name":"(anonymous_2)","decl":{"start":{"line":13,"column":33},"end":{"line":13,"column":null}},"loc":{"start":{"line":13,"column":33},"end":{"line":15,"column":7}},"line":13},"3":{"name":"(anonymous_3)","decl":{"start":{"line":17,"column":11},"end":{"line":17,"column":null}},"loc":{"start":{"line":17,"column":11},"end":{"line":19,"column":null}},"line":17},"4":{"name":"(anonymous_4)","decl":{"start":{"line":22,"column":23},"end":{"line":22,"column":null}},"loc":{"start":{"line":22,"column":23},"end":{"line":25,"column":null}},"line":22},"5":{"name":"(anonymous_5)","decl":{"start":{"line":27,"column":24},"end":{"line":27,"column":25}},"loc":{"start":{"line":27,"column":25},"end":{"line":31,"column":null}},"line":27},"6":{"name":"(anonymous_6)","decl":{"start":{"line":39,"column":21},"end":{"line":39,"column":22}},"loc":{"start":{"line":39,"column":28},"end":{"line":39,"column":null}},"line":39}},"branchMap":{"0":{"loc":{"start":{"line":8,"column":28},"end":{"line":8,"column":50}},"type":"default-arg","locations":[{"start":{"line":8,"column":42},"end":{"line":8,"column":50}}],"line":8},"1":{"loc":{"start":{"line":28,"column":4},"end":{"line":30,"column":null}},"type":"if","locations":[{"start":{"line":28,"column":4},"end":{"line":30,"column":null}},{"start":{},"end":{}}],"line":28}},"s":{"0":2,"1":10,"2":10,"3":10,"4":2,"5":10,"6":10,"7":10,"8":1,"9":1,"10":10,"11":0,"12":0,"13":3},"f":{"0":10,"1":10,"2":2,"3":10,"4":1,"5":0,"6":3},"b":{"0":[10],"1":[0,0]},"meta":{"lastBranch":2,"lastFunction":7,"lastStatement":14,"seen":{"s:8:25:45:Infinity":0,"f:8:25:8:26":0,"b:8:42:8:50":0,"s:10:25:10:Infinity":1,"s:12:2:20:Infinity":2,"f:12:12:12:Infinity":1,"s:13:22:15:Infinity":3,"f:13:33:13:Infinity":2,"s:14:6:14:Infinity":4,"s:17:4:19:Infinity":5,"f:17:11:17:Infinity":3,"s:18:6:18:Infinity":6,"s:22:23:25:Infinity":7,"f:22:23:22:Infinity":4,"s:23:4:23:Infinity":8,"s:24:4:24:Infinity":9,"s:27:24:31:Infinity":10,"f:27:24:27:25":5,"b:28:4:30:Infinity:undefined:undefined:undefined:undefined":1,"s:28:4:30:Infinity":11,"s:29:6:29:Infinity":12,"f:39:21:39:22":6,"s:39:28:39:Infinity":13}}}
,"/home/adrangel/myProjects/React-TypeScript/03-gifs-app/tests/mocks/gihpy.response.data.ts": {"path":"/home/adrangel/myProjects/React-TypeScript/03-gifs-app/tests/mocks/gihpy.response.data.ts","statementMap":{"0":{"start":{"line":1,"column":39},"end":{"line":2036,"column":null}}},"fnMap":{},"branchMap":{},"s":{"0":1},"f":{},"b":{},"meta":{"lastBranch":0,"lastFunction":0,"lastStatement":1,"seen":{"s:1:39:2036:Infinity":0}}}
}
